<?xml version="1.0" encoding="UTF-8"?>
<!-- Generated by org.testng.reporters.JUnitReportReporter -->
<testsuite skipped="0" hostname="win10-ltsc-fj" name="com.sequoiadp.rbac.ddl.CreateDatabase123" tests="1" failures="0" timestamp="29 六月 2022 03:09:30 GMT" time="0.172" errors="0">
  <testcase name="test" time="0.172" classname="com.sequoiadp.rbac.ddl.CreateDatabase123"/>
</testsuite> <!-- com.sequoiadp.rbac.ddl.CreateDatabase123 -->
